<?xml version="1.0" encoding="UTF-8"?>
<!-- Generated by org.testng.reporters.JUnitXMLReporter -->
<testsuite ignored="0" hostname="LTIN295016" failures="3" tests="5" name="Test" time="26.629" errors="0" timestamp="2024-02-12T16:37:28 IST">
  <testcase classname="testCases.TC_003_Giftcards" name="gift_card_selection" time="9.262"/>
  <testcase classname="testCases.TC_003_Giftcards" name="set_amount_and_date" time="3.664"/>
  <testcase classname="testCases.TC_003_Giftcards" name="invalid_details" time="1.502">
    <failure type="org.testng.internal.reflect.MethodMatcherException" message="
[public void testCases.TC_003_Giftcards.invalid_details(java.lang.String,java.lang.String,java.lang.String,java.lang.String,java.lang.String,java.lang.String,java.lang.String,java.lang.String,java.lang.String,java.lang.String) throws java.lang.InterruptedException,java.io.IOException] has no parameters defined but was found to be using a data provider (either explicitly specified or inherited from class level annotation).
Data provider mismatch
Method: invalid_details([java.lang.String arg0, java.lang.String arg1, java.lang.String arg2, java.lang.String arg3, java.lang.String arg4, java.lang.String arg5, java.lang.String arg6, java.lang.String arg7, java.lang.String arg8, java.lang.String arg9])
Arguments: [(java.lang.String) ani,(java.lang.String) ani#gmail.com,(java.lang.String) 9663185431,(java.lang.String) vasiha,(java.lang.String) vasiha@gmail.com,(java.lang.String) 9353883136,(java.lang.String) #123 california,(java.lang.String) 560045,(java.lang.String) With love from vasiha,(java.lang.String) ani@gmail.com,(java.lang.String) ]">
      <![CDATA[org.testng.internal.reflect.MethodMatcherException: 
[public void testCases.TC_003_Giftcards.invalid_details(java.lang.String,java.lang.String,java.lang.String,java.lang.String,java.lang.String,java.lang.String,java.lang.String,java.lang.String,java.lang.String,java.lang.String) throws java.lang.InterruptedException,java.io.IOException] has no parameters defined but was found to be using a data provider (either explicitly specified or inherited from class level annotation).
Data provider mismatch
Method: invalid_details([java.lang.String arg0, java.lang.String arg1, java.lang.String arg2, java.lang.String arg3, java.lang.String arg4, java.lang.String arg5, java.lang.String arg6, java.lang.String arg7, java.lang.String arg8, java.lang.String arg9])
Arguments: [(java.lang.String) ani,(java.lang.String) ani#gmail.com,(java.lang.String) 9663185431,(java.lang.String) vasiha,(java.lang.String) vasiha@gmail.com,(java.lang.String) 9353883136,(java.lang.String) #123 california,(java.lang.String) 560045,(java.lang.String) With love from vasiha,(java.lang.String) ani@gmail.com,(java.lang.String) ]
at java.base/java.util.ArrayList.forEach(ArrayList.java:1511)
... Removed 22 stack frames]]>
    </failure>
  </testcase> <!-- invalid_details -->
  <testcase classname="testCases.TC_003_Giftcards" name="valid_details" time="0.423">
    <failure type="org.testng.internal.reflect.MethodMatcherException" message="
[public void testCases.TC_003_Giftcards.valid_details(java.lang.String,java.lang.String,java.lang.String,java.lang.String,java.lang.String,java.lang.String,java.lang.String,java.lang.String,java.lang.String,java.lang.String) throws java.lang.InterruptedException,java.io.IOException] has no parameters defined but was found to be using a data provider (either explicitly specified or inherited from class level annotation).
Data provider mismatch
Method: valid_details([java.lang.String arg0, java.lang.String arg1, java.lang.String arg2, java.lang.String arg3, java.lang.String arg4, java.lang.String arg5, java.lang.String arg6, java.lang.String arg7, java.lang.String arg8, java.lang.String arg9])
Arguments: [(java.lang.String) ani,(java.lang.String) ani#gmail.com,(java.lang.String) 9663185431,(java.lang.String) vasiha,(java.lang.String) vasiha@gmail.com,(java.lang.String) 9353883136,(java.lang.String) #123 california,(java.lang.String) 560045,(java.lang.String) With love from vasiha,(java.lang.String) ani@gmail.com,(java.lang.String) ]">
      <![CDATA[org.testng.internal.reflect.MethodMatcherException: 
[public void testCases.TC_003_Giftcards.valid_details(java.lang.String,java.lang.String,java.lang.String,java.lang.String,java.lang.String,java.lang.String,java.lang.String,java.lang.String,java.lang.String,java.lang.String) throws java.lang.InterruptedException,java.io.IOException] has no parameters defined but was found to be using a data provider (either explicitly specified or inherited from class level annotation).
Data provider mismatch
Method: valid_details([java.lang.String arg0, java.lang.String arg1, java.lang.String arg2, java.lang.String arg3, java.lang.String arg4, java.lang.String arg5, java.lang.String arg6, java.lang.String arg7, java.lang.String arg8, java.lang.String arg9])
Arguments: [(java.lang.String) ani,(java.lang.String) ani#gmail.com,(java.lang.String) 9663185431,(java.lang.String) vasiha,(java.lang.String) vasiha@gmail.com,(java.lang.String) 9353883136,(java.lang.String) #123 california,(java.lang.String) 560045,(java.lang.String) With love from vasiha,(java.lang.String) ani@gmail.com,(java.lang.String) ]
at java.base/java.util.ArrayList.forEach(ArrayList.java:1511)
... Removed 22 stack frames]]>
    </failure>
  </testcase> <!-- valid_details -->
  <testcase classname="testCases.TC_003_Giftcards" name="confirm_details" time="0.275">
    <failure type="org.testng.internal.reflect.MethodMatcherException" message="
[public void testCases.TC_003_Giftcards.confirm_details(java.lang.String,java.lang.String,java.lang.String,java.lang.String,java.lang.String,java.lang.String,java.lang.String,java.lang.String,java.lang.String,java.lang.String) throws java.lang.InterruptedException,java.io.IOException] has no parameters defined but was found to be using a data provider (either explicitly specified or inherited from class level annotation).
Data provider mismatch
Method: confirm_details([java.lang.String arg0, java.lang.String arg1, java.lang.String arg2, java.lang.String arg3, java.lang.String arg4, java.lang.String arg5, java.lang.String arg6, java.lang.String arg7, java.lang.String arg8, java.lang.String arg9])
Arguments: [(java.lang.String) ani,(java.lang.String) ani#gmail.com,(java.lang.String) 9663185431,(java.lang.String) vasiha,(java.lang.String) vasiha@gmail.com,(java.lang.String) 9353883136,(java.lang.String) #123 california,(java.lang.String) 560045,(java.lang.String) With love from vasiha,(java.lang.String) ani@gmail.com,(java.lang.String) ]">
      <![CDATA[org.testng.internal.reflect.MethodMatcherException: 
[public void testCases.TC_003_Giftcards.confirm_details(java.lang.String,java.lang.String,java.lang.String,java.lang.String,java.lang.String,java.lang.String,java.lang.String,java.lang.String,java.lang.String,java.lang.String) throws java.lang.InterruptedException,java.io.IOException] has no parameters defined but was found to be using a data provider (either explicitly specified or inherited from class level annotation).
Data provider mismatch
Method: confirm_details([java.lang.String arg0, java.lang.String arg1, java.lang.String arg2, java.lang.String arg3, java.lang.String arg4, java.lang.String arg5, java.lang.String arg6, java.lang.String arg7, java.lang.String arg8, java.lang.String arg9])
Arguments: [(java.lang.String) ani,(java.lang.String) ani#gmail.com,(java.lang.String) 9663185431,(java.lang.String) vasiha,(java.lang.String) vasiha@gmail.com,(java.lang.String) 9353883136,(java.lang.String) #123 california,(java.lang.String) 560045,(java.lang.String) With love from vasiha,(java.lang.String) ani@gmail.com,(java.lang.String) ]
at java.base/java.util.ArrayList.forEach(ArrayList.java:1511)
... Removed 22 stack frames]]>
    </failure>
  </testcase> <!-- confirm_details -->
</testsuite> <!-- Test -->
