<?xml version="1.0" encoding="UTF-8"?>
<!-- Generated by org.testng.reporters.JUnitXMLReporter -->
<testsuite ignored="0" hostname="LTIN295016" failures="3" tests="3" name="Test" time="31.858" errors="0" timestamp="2024-02-12T13:01:40 IST">
  <testcase classname="testCases.TC_001_search_bookshelves" name="search_Bookshelves" time="2.568">
    <failure type="java.nio.file.AccessDeniedException" message="C:\Users\2303482\eclipse-workspace\Display_Bookshelves\Screenshots\search_bookshelves.png">
      <![CDATA[java.nio.file.AccessDeniedException: C:\Users\2303482\eclipse-workspace\Display_Bookshelves\Screenshots\search_bookshelves.png
at java.base/sun.nio.fs.WindowsException.translateToIOException(WindowsException.java:89)
at java.base/sun.nio.fs.WindowsException.rethrowAsIOException(WindowsException.java:103)
at java.base/sun.nio.fs.WindowsException.rethrowAsIOException(WindowsException.java:108)
at java.base/sun.nio.fs.WindowsFileCopy.copy(WindowsFileCopy.java:180)
at java.base/sun.nio.fs.WindowsFileSystemProvider.copy(WindowsFileSystemProvider.java:282)
at java.base/java.nio.file.Files.copy(Files.java:1304)
at org.apache.commons.io.FileUtils.copyFile(FileUtils.java:807)
at org.apache.commons.io.FileUtils.copyFile(FileUtils.java:834)
at org.apache.commons.io.FileUtils.copyFile(FileUtils.java:742)
at testBase.BaseClass.screenShot(BaseClass.java:135)
at testCases.TC_001_search_bookshelves.search_Bookshelves(TC_001_search_bookshelves.java:22)
at java.base/java.util.ArrayList.forEach(ArrayList.java:1596)
... Removed 29 stack frames]]>
    </failure>
  </testcase> <!-- search_Bookshelves -->
  <testcase classname="testCases.TC_001_search_bookshelves" name="applying_filters" time="9.112">
    <failure type="java.nio.file.AccessDeniedException" message="C:\Users\2303482\eclipse-workspace\Display_Bookshelves\Screenshots\search_results.png">
      <![CDATA[java.nio.file.AccessDeniedException: C:\Users\2303482\eclipse-workspace\Display_Bookshelves\Screenshots\search_results.png
at java.base/sun.nio.fs.WindowsException.translateToIOException(WindowsException.java:89)
at java.base/sun.nio.fs.WindowsException.rethrowAsIOException(WindowsException.java:103)
at java.base/sun.nio.fs.WindowsException.rethrowAsIOException(WindowsException.java:108)
at java.base/sun.nio.fs.WindowsFileCopy.copy(WindowsFileCopy.java:180)
at java.base/sun.nio.fs.WindowsFileSystemProvider.copy(WindowsFileSystemProvider.java:282)
at java.base/java.nio.file.Files.copy(Files.java:1304)
at org.apache.commons.io.FileUtils.copyFile(FileUtils.java:807)
at org.apache.commons.io.FileUtils.copyFile(FileUtils.java:834)
at org.apache.commons.io.FileUtils.copyFile(FileUtils.java:742)
at testBase.BaseClass.screenShot(BaseClass.java:135)
at testCases.TC_001_search_bookshelves.applying_filters(TC_001_search_bookshelves.java:41)
at java.base/java.util.ArrayList.forEach(ArrayList.java:1596)
... Removed 29 stack frames]]>
    </failure>
  </testcase> <!-- applying_filters -->
  <testcase classname="testCases.TC_002_Living_Submenu" name="retrieve_submenu" time="2.524">
    <failure type="java.nio.file.AccessDeniedException" message="C:\Users\2303482\eclipse-workspace\Display_Bookshelves\Screenshots\submenu.png">
      <![CDATA[java.nio.file.AccessDeniedException: C:\Users\2303482\eclipse-workspace\Display_Bookshelves\Screenshots\submenu.png
at java.base/sun.nio.fs.WindowsException.translateToIOException(WindowsException.java:89)
at java.base/sun.nio.fs.WindowsException.rethrowAsIOException(WindowsException.java:103)
at java.base/sun.nio.fs.WindowsException.rethrowAsIOException(WindowsException.java:108)
at java.base/sun.nio.fs.WindowsFileCopy.copy(WindowsFileCopy.java:180)
at java.base/sun.nio.fs.WindowsFileSystemProvider.copy(WindowsFileSystemProvider.java:282)
at java.base/java.nio.file.Files.copy(Files.java:1304)
at org.apache.commons.io.FileUtils.copyFile(FileUtils.java:807)
at org.apache.commons.io.FileUtils.copyFile(FileUtils.java:834)
at org.apache.commons.io.FileUtils.copyFile(FileUtils.java:742)
at testBase.BaseClass.screenShot(BaseClass.java:135)
at testCases.TC_002_Living_Submenu.retrieve_submenu(TC_002_Living_Submenu.java:23)
at java.base/java.util.ArrayList.forEach(ArrayList.java:1596)
... Removed 29 stack frames]]>
    </failure>
  </testcase> <!-- retrieve_submenu -->
</testsuite> <!-- Test -->
